<?xml version="1.0" encoding="UTF-8"?>
<testsuite xmlns:xsi="http://www.w3.org/2001/XMLSchema-instance" xsi:noNamespaceSchemaLocation="https://maven.apache.org/surefire/maven-surefire-plugin/xsd/surefire-test-report.xsd" name="com.test.TransTest" time="8.64" tests="1" errors="1" skipped="0" failures="0">
  <properties>
[...]
</properties>
  <testcase name="myTest" classname="com.test.TransTest" time="1.7">
    <error message="/ by zero" type="java.lang.ArithmeticException">java.lang.ArithmeticException: / by zero
	at com.test.TransTest.myTest(TransTest.java:30)
</error>
    <system-out><![CDATA[INFO  SpringBootTestContextBootstrapper:308 - Neither @ContextConfiguration nor @ContextHierarchy found for test class [com.test.TransTest], using SpringBootContextLoader
INFO  AbstractContextLoader:264 - Could not detect default resource locations for test class [com.test.TransTest]: no resource found for suffixes {-context.xml, Context.groovy}.
INFO  SpringBootTestContextBootstrapper:248 - Loaded default TestExecutionListener class names from location [META-INF/spring.factories]: [org.springframework.boot.test.mock.mockito.MockitoTestExecutionListener, org.springframework.boot.test.mock.mockito.ResetMocksTestExecutionListener, org.springframework.boot.test.autoconfigure.restdocs.RestDocsTestExecutionListener, org.springframework.boot.test.autoconfigure.web.client.MockRestServiceServerResetTestExecutionListener, org.springframework.boot.test.autoconfigure.web.servlet.MockMvcPrintOnlyOnFailureTestExecutionListener, org.springframework.boot.test.autoconfigure.web.servlet.WebDriverTestExecutionListener, org.springframework.test.context.web.ServletTestExecutionListener, org.springframework.test.context.support.DirtiesContextBeforeModesTestExecutionListener, org.springframework.test.context.support.DependencyInjectionTestExecutionListener, org.springframework.test.context.support.DirtiesContextTestExecutionListener, org.springframework.test.context.transaction.TransactionalTestExecutionListener, org.springframework.test.context.jdbc.SqlScriptsTestExecutionListener]
INFO  SpringBootTestContextBootstrapper:177 - Using TestExecutionListeners: [org.springframework.test.context.web.ServletTestExecutionListener@123ef382, org.springframework.test.context.support.DirtiesContextBeforeModesTestExecutionListener@dbf57b3, org.springframework.boot.test.mock.mockito.MockitoTestExecutionListener@384ad17b, org.springframework.boot.test.autoconfigure.SpringBootDependencyInjectionTestExecutionListener@61862a7f, org.springframework.test.context.support.DirtiesContextTestExecutionListener@441772e, org.springframework.test.context.transaction.TransactionalTestExecutionListener@7334aada, org.springframework.test.context.jdbc.SqlScriptsTestExecutionListener@1d9b7cce, org.springframework.boot.test.mock.mockito.ResetMocksTestExecutionListener@4d9e68d0, org.springframework.boot.test.autoconfigure.restdocs.RestDocsTestExecutionListener@42e99e4a, org.springframework.boot.test.autoconfigure.web.client.MockRestServiceServerResetTestExecutionListener@14dd9eb7, org.springframework.boot.test.autoconfigure.web.servlet.MockMvcPrintOnlyOnFailureTestExecutionListener@52e6fdee, org.springframework.boot.test.autoconfigure.web.servlet.WebDriverTestExecutionListener@6c80d78a]
INFO  Version:21 - HV000001: Hibernate Validator 6.0.16.Final

  .   ____          _            __ _ _
 /\\ / ___'_ __ _ _(_)_ __  __ _ \ \ \ \
( ( )\___ | '_ | '_| | '_ \/ _` | \ \ \ \
 \\/  ___)| |_)| | | | | || (_| |  ) ) ) )
  '  |____| .__|_| |_|_| |_\__, | / / / /
 =========|_|==============|___/=/_/_/_/
 :: Spring Boot ::        (v2.1.5.RELEASE)

INFO  TransTest:50 - Starting TransTest on DESKTOP-0HLV0CQ with PID 9724 (started by zcq in C:\mycode\food\foodie-dev\foodie-dev-api)
INFO  TransTest:675 - No active profile set, falling back to default profiles: default
WARN  ClassPathMapperScanner:44 - No MyBatis mapper was found in '[com.zcq]' package. Please check your configuration.
INFO  PostProcessorRegistrationDelegate$BeanPostProcessorChecker:330 - Bean 'org.springframework.transaction.annotation.ProxyTransactionManagementConfiguration' of type [org.springframework.transaction.annotation.ProxyTransactionManagementConfiguration$$EnhancerBySpringCGLIB$$7eb6cdb5] is not eligible for getting processed by all BeanPostProcessors (for example: not eligible for auto-proxying)
Logging initialized using 'class org.apache.ibatis.logging.stdout.StdOutImpl' adapter.
Parsed mapper file: 'class path resource [mapper/StuMapper.xml]'
Parsed mapper file: 'class path resource [mapper/UserAddressMapper.xml]'
Parsed mapper file: 'class path resource [mapper/CarouselMapper.xml]'
Parsed mapper file: 'class path resource [mapper/UsersMapper.xml]'
Parsed mapper file: 'class path resource [mapper/CategoryMapper.xml]'
Parsed mapper file: 'class path resource [mapper/CategoryMapperCustom.xml]'
Parsed mapper file: 'class path resource [mapper/ItemsCommentsMapper.xml]'
Parsed mapper file: 'class path resource [mapper/ItemsCommentsMapperCustom.xml]'
Parsed mapper file: 'class path resource [mapper/ItemsImgMapper.xml]'
Parsed mapper file: 'class path resource [mapper/ItemsMapper.xml]'
Parsed mapper file: 'class path resource [mapper/ItemsMapperCustom.xml]'
Parsed mapper file: 'class path resource [mapper/ItemsParamMapper.xml]'
Parsed mapper file: 'class path resource [mapper/ItemsSpecMapper.xml]'
Parsed mapper file: 'class path resource [mapper/OrderItemsMapper.xml]'
Parsed mapper file: 'class path resource [mapper/OrdersMapper.xml]'
Parsed mapper file: 'class path resource [mapper/OrdersMapperCustom.xml]'
Parsed mapper file: 'class path resource [mapper/OrderStatusMapper.xml]'
INFO  ThreadPoolTaskExecutor:171 - Initializing ExecutorService 'applicationTaskExecutor'
INFO  MapperCacheDisabler:60 - Clear tk.mybatis.mapper.util.MsUtil CLASS_CACHE cache.
INFO  MapperCacheDisabler:60 - Clear tk.mybatis.mapper.genid.GenIdUtil CACHE cache.
INFO  MapperCacheDisabler:60 - Clear tk.mybatis.mapper.version.VersionUtil CACHE cache.
INFO  MapperCacheDisabler:83 - Clear EntityHelper entityTableMap cache.
Logging initialized using 'class org.apache.ibatis.logging.stdout.StdOutImpl' adapter.
INFO  ThreadPoolTaskScheduler:171 - Initializing ExecutorService 'taskScheduler'
INFO  DocumentationPluginsBootstrapper:84 - Context refreshed
INFO  DocumentationPluginsBootstrapper:87 - Found 1 custom documentation plugin(s)
INFO  ApiListingReferenceScanner:44 - Scanning for api listing references
INFO  CachingOperationNameGenerator:40 - Generating unique operation named: updateUsingPOST_1
INFO  CachingOperationNameGenerator:40 - Generating unique operation named: deleteUsingPOST_1
INFO  CachingOperationNameGenerator:40 - Generating unique operation named: queryUsingPOST_1
INFO  CachingOperationNameGenerator:40 - Generating unique operation named: addUsingPOST_1
INFO  TransTest:59 - Started TransTest in 6.514 seconds (JVM running for 7.157)
INFO  HikariDataSource:110 - DateSourceHikariCP - Starting...
INFO  HikariDataSource:123 - DateSourceHikariCP - Start completed.
INFO  ServiceLogAspect:42 - ====== 开始执行 class com.zcq.service.impl.TestTransServiceImpl.testPropagationTrans ======
INFO  ServiceLogAspect:42 - ====== 开始执行 class com.zcq.service.impl.StuServiceImpl.saveParent ======
Creating a new SqlSession
Registering transaction synchronization for SqlSession [org.apache.ibatis.session.defaults.DefaultSqlSession@51f01535]
JDBC Connection [HikariProxyConnection@1172814713 wrapping com.mysql.jdbc.JDBC4Connection@65e4cb84] will be managed by Spring
==>  Preparing: INSERT INTO stu ( id,name,age ) VALUES( ?,?,? ) 
==> Parameters: null, parent(String), 19(Integer)
<==    Updates: 1
Releasing transactional SqlSession [org.apache.ibatis.session.defaults.DefaultSqlSession@51f01535]
INFO  ServiceLogAspect:61 - ====== 执行结束，耗时：97 毫秒 ======
Transaction synchronization suspending SqlSession [org.apache.ibatis.session.defaults.DefaultSqlSession@51f01535]
INFO  ServiceLogAspect:42 - ====== 开始执行 class com.zcq.service.impl.StuServiceImpl.saveChildren ======
Creating a new SqlSession
Registering transaction synchronization for SqlSession [org.apache.ibatis.session.defaults.DefaultSqlSession@1d226f27]
JDBC Connection [HikariProxyConnection@721004015 wrapping com.mysql.jdbc.JDBC4Connection@3fba2993] will be managed by Spring
==>  Preparing: INSERT INTO stu ( id,name,age ) VALUES( ?,?,? ) 
==> Parameters: null, child-1(String), 11(Integer)
<==    Updates: 1
Releasing transactional SqlSession [org.apache.ibatis.session.defaults.DefaultSqlSession@1d226f27]
Transaction synchronization deregistering SqlSession [org.apache.ibatis.session.defaults.DefaultSqlSession@1d226f27]
Transaction synchronization closing SqlSession [org.apache.ibatis.session.defaults.DefaultSqlSession@1d226f27]
Transaction synchronization resuming SqlSession [org.apache.ibatis.session.defaults.DefaultSqlSession@51f01535]
Transaction synchronization deregistering SqlSession [org.apache.ibatis.session.defaults.DefaultSqlSession@51f01535]
Transaction synchronization closing SqlSession [org.apache.ibatis.session.defaults.DefaultSqlSession@51f01535]
]]></system-out>
    <system-err><![CDATA[log4j:ERROR Failed to rename [/workspaces/logs/foodie-api/imooc.log] to [/workspaces/logs/foodie-api/imooc.log.2020-01-18-16-15].
Sat Jan 18 16:16:02 CST 2020 WARN: Establishing SSL connection without server's identity verification is not recommended. According to MySQL 5.5.45+, 5.6.26+ and 5.7.6+ requirements SSL connection must be established by default if explicit option isn't set. For compliance with existing applications not using SSL the verifyServerCertificate property is set to 'false'. You need either to explicitly disable SSL by setting useSSL=false, or set useSSL=true and provide truststore for server certificate verification.
Sat Jan 18 16:16:04 CST 2020 WARN: Establishing SSL connection without server's identity verification is not recommended. According to MySQL 5.5.45+, 5.6.26+ and 5.7.6+ requirements SSL connection must be established by default if explicit option isn't set. For compliance with existing applications not using SSL the verifyServerCertificate property is set to 'false'. You need either to explicitly disable SSL by setting useSSL=false, or set useSSL=true and provide truststore for server certificate verification.
Sat Jan 18 16:16:04 CST 2020 WARN: Establishing SSL connection without server's identity verification is not recommended. According to MySQL 5.5.45+, 5.6.26+ and 5.7.6+ requirements SSL connection must be established by default if explicit option isn't set. For compliance with existing applications not using SSL the verifyServerCertificate property is set to 'false'. You need either to explicitly disable SSL by setting useSSL=false, or set useSSL=true and provide truststore for server certificate verification.
]]></system-err>
  </testcase>
</testsuite>